/home/hca_research/franka_teleoperation_collection/meta_quest/franka_research/teleop_ws/install/franka_vr_teleop/lib/python3.10/site-packages/franka_vr_teleop/__init__.py
/home/hca_research/franka_teleoperation_collection/meta_quest/franka_research/teleop_ws/install/franka_vr_teleop/lib/python3.10/site-packages/franka_vr_teleop/pose_receiver.py
/home/hca_research/franka_teleoperation_collection/meta_quest/franka_research/teleop_ws/install/franka_vr_teleop/lib/python3.10/site-packages/franka_vr_teleop/vr_to_robot_converter.py
/home/hca_research/franka_teleoperation_collection/meta_quest/franka_research/teleop_ws/install/franka_vr_teleop/lib/python3.10/site-packages/franka_vr_teleop/spacemouse_to_robot_converter.py
/home/hca_research/franka_teleoperation_collection/meta_quest/franka_research/teleop_ws/install/franka_vr_teleop/lib/python3.10/site-packages/franka_vr_teleop/vr_to_robot_converter_c2.py
/home/hca_research/franka_teleoperation_collection/meta_quest/franka_research/teleop_ws/install/franka_vr_teleop/lib/python3.10/site-packages/franka_vr_teleop/vr_to_robot_converter_recover.py
/home/hca_research/franka_teleoperation_collection/meta_quest/franka_research/teleop_ws/install/franka_vr_teleop/lib/python3.10/site-packages/franka_vr_teleop/vr_to_robot_converte_c3.py
/home/hca_research/franka_teleoperation_collection/meta_quest/franka_research/teleop_ws/install/franka_vr_teleop/lib/python3.10/site-packages/franka_vr_teleop/vr_to_robot_converter_c.py
/home/hca_research/franka_teleoperation_collection/meta_quest/franka_research/teleop_ws/install/franka_vr_teleop/lib/python3.10/site-packages/franka_vr_teleop/vr_to_robot_converter_bkp.py
/home/hca_research/franka_teleoperation_collection/meta_quest/franka_research/teleop_ws/install/franka_vr_teleop/lib/python3.10/site-packages/franka_vr_teleop/vr_to_robot_converter_o.py
/home/hca_research/franka_teleoperation_collection/meta_quest/franka_research/teleop_ws/install/franka_vr_teleop/lib/python3.10/site-packages/franka_vr_teleop/franka_r3_robot.py
/home/hca_research/franka_teleoperation_collection/meta_quest/franka_research/teleop_ws/install/franka_vr_teleop/lib/python3.10/site-packages/franka_vr_teleop/__pycache__/__init__.cpython-310.pyc
/home/hca_research/franka_teleoperation_collection/meta_quest/franka_research/teleop_ws/install/franka_vr_teleop/lib/python3.10/site-packages/franka_vr_teleop/__pycache__/pose_receiver.cpython-310.pyc
/home/hca_research/franka_teleoperation_collection/meta_quest/franka_research/teleop_ws/install/franka_vr_teleop/lib/python3.10/site-packages/franka_vr_teleop/__pycache__/vr_to_robot_converter.cpython-310.pyc
/home/hca_research/franka_teleoperation_collection/meta_quest/franka_research/teleop_ws/install/franka_vr_teleop/lib/python3.10/site-packages/franka_vr_teleop/__pycache__/spacemouse_to_robot_converter.cpython-310.pyc
/home/hca_research/franka_teleoperation_collection/meta_quest/franka_research/teleop_ws/install/franka_vr_teleop/lib/python3.10/site-packages/franka_vr_teleop/__pycache__/vr_to_robot_converter_c2.cpython-310.pyc
/home/hca_research/franka_teleoperation_collection/meta_quest/franka_research/teleop_ws/install/franka_vr_teleop/lib/python3.10/site-packages/franka_vr_teleop/__pycache__/vr_to_robot_converter_recover.cpython-310.pyc
/home/hca_research/franka_teleoperation_collection/meta_quest/franka_research/teleop_ws/install/franka_vr_teleop/lib/python3.10/site-packages/franka_vr_teleop/__pycache__/vr_to_robot_converte_c3.cpython-310.pyc
/home/hca_research/franka_teleoperation_collection/meta_quest/franka_research/teleop_ws/install/franka_vr_teleop/lib/python3.10/site-packages/franka_vr_teleop/__pycache__/vr_to_robot_converter_c.cpython-310.pyc
/home/hca_research/franka_teleoperation_collection/meta_quest/franka_research/teleop_ws/install/franka_vr_teleop/lib/python3.10/site-packages/franka_vr_teleop/__pycache__/vr_to_robot_converter_bkp.cpython-310.pyc
/home/hca_research/franka_teleoperation_collection/meta_quest/franka_research/teleop_ws/install/franka_vr_teleop/lib/python3.10/site-packages/franka_vr_teleop/__pycache__/vr_to_robot_converter_o.cpython-310.pyc
/home/hca_research/franka_teleoperation_collection/meta_quest/franka_research/teleop_ws/install/franka_vr_teleop/lib/python3.10/site-packages/franka_vr_teleop/__pycache__/franka_r3_robot.cpython-310.pyc
/home/hca_research/franka_teleoperation_collection/meta_quest/franka_research/teleop_ws/install/franka_vr_teleop/share/ament_index/resource_index/packages/franka_vr_teleop
/home/hca_research/franka_teleoperation_collection/meta_quest/franka_research/teleop_ws/install/franka_vr_teleop/share/franka_vr_teleop/package.xml
/home/hca_research/franka_teleoperation_collection/meta_quest/franka_research/teleop_ws/install/franka_vr_teleop/share/franka_vr_teleop/launch/tcp_vr_control.launch.py
/home/hca_research/franka_teleoperation_collection/meta_quest/franka_research/teleop_ws/install/franka_vr_teleop/share/franka_vr_teleop/launch/spacemouse_control.launch.py
/home/hca_research/franka_teleoperation_collection/meta_quest/franka_research/teleop_ws/install/franka_vr_teleop/share/franka_vr_teleop/launch/vr_control.launch.py
/home/hca_research/franka_teleoperation_collection/meta_quest/franka_research/teleop_ws/install/franka_vr_teleop/share/franka_vr_teleop/config
/home/hca_research/franka_teleoperation_collection/meta_quest/franka_research/teleop_ws/install/franka_vr_teleop/share/franka_vr_teleop/config/pose_viz.rviz
/home/hca_research/franka_teleoperation_collection/meta_quest/franka_research/teleop_ws/install/franka_vr_teleop/lib/python3.10/site-packages/franka_vr_teleop-0.0.0-py3.10.egg-info/dependency_links.txt
/home/hca_research/franka_teleoperation_collection/meta_quest/franka_research/teleop_ws/install/franka_vr_teleop/lib/python3.10/site-packages/franka_vr_teleop-0.0.0-py3.10.egg-info/SOURCES.txt
/home/hca_research/franka_teleoperation_collection/meta_quest/franka_research/teleop_ws/install/franka_vr_teleop/lib/python3.10/site-packages/franka_vr_teleop-0.0.0-py3.10.egg-info/top_level.txt
/home/hca_research/franka_teleoperation_collection/meta_quest/franka_research/teleop_ws/install/franka_vr_teleop/lib/python3.10/site-packages/franka_vr_teleop-0.0.0-py3.10.egg-info/zip-safe
/home/hca_research/franka_teleoperation_collection/meta_quest/franka_research/teleop_ws/install/franka_vr_teleop/lib/python3.10/site-packages/franka_vr_teleop-0.0.0-py3.10.egg-info/requires.txt
/home/hca_research/franka_teleoperation_collection/meta_quest/franka_research/teleop_ws/install/franka_vr_teleop/lib/python3.10/site-packages/franka_vr_teleop-0.0.0-py3.10.egg-info/entry_points.txt
/home/hca_research/franka_teleoperation_collection/meta_quest/franka_research/teleop_ws/install/franka_vr_teleop/lib/python3.10/site-packages/franka_vr_teleop-0.0.0-py3.10.egg-info/PKG-INFO
/home/hca_research/franka_teleoperation_collection/meta_quest/franka_research/teleop_ws/install/franka_vr_teleop/lib/franka_vr_teleop/spacemouse_to_robot_converter
/home/hca_research/franka_teleoperation_collection/meta_quest/franka_research/teleop_ws/install/franka_vr_teleop/lib/franka_vr_teleop/vr_to_robot_converter
/home/hca_research/franka_teleoperation_collection/meta_quest/franka_research/teleop_ws/install/franka_vr_teleop/lib/franka_vr_teleop/vr_to_robot_converter_recover
